2025-12-25 20:00:21.118 I [MediaServer.exe] [21572-19580] main.cpp:271 start_main | ZLMediaKit(git hash:Git_Unkown_commit/Git_Unkown_time,branch:Git_Unkown_branch,build time:2025-03-19T17:04:50)
2025-12-25 20:00:21.162 W [MediaServer.exe] [21572-19580] SSLUtil.cpp:104 loadPublicKey | BIO_new_file failed: error:80000002:system library::No such file or directory
2025-12-25 20:00:21.163 W [MediaServer.exe] [21572-19580] SSLUtil.cpp:132 loadPrivateKey | BIO_new_file failed: error:10000080:BIO routines::no such file
2025-12-25 20:00:21.163 W [MediaServer.exe] [21572-19580] SSLUtil.cpp:213 makeSSLContext | SSL_CTX_check_private_key failed: error:80000002:system library::No such file or directory
2025-12-25 20:00:21.164 D [MediaServer.exe] [21572-stamp thread] util.cpp:391 operator () | Stamp thread started
2025-12-25 20:00:21.174 I [MediaServer.exe] [21572-19580] EventPoller.cpp:616 EventPollerPool | EventPoller created size: 12
2025-12-25 20:00:21.174 I [MediaServer.exe] [21572-19580] main.cpp:396 start_main | 已启动http api 接口
2025-12-25 20:00:21.174 I [MediaServer.exe] [21572-19580] main.cpp:398 start_main | 已启动http hook 接口
2025-12-25 20:00:21.176 I [MediaServer.exe] [21572-19580] TcpServer.cpp:242 start_l | TCP server listening on [::]: 554
2025-12-25 20:00:21.177 I [MediaServer.exe] [21572-19580] TcpServer.cpp:242 start_l | TCP server listening on [::]: 332
2025-12-25 20:00:21.179 I [MediaServer.exe] [21572-19580] TcpServer.cpp:242 start_l | TCP server listening on [::]: 1935
2025-12-25 20:00:21.181 I [MediaServer.exe] [21572-19580] TcpServer.cpp:242 start_l | TCP server listening on [::]: 19350
2025-12-25 20:00:21.182 I [MediaServer.exe] [21572-19580] TcpServer.cpp:242 start_l | TCP server listening on [::]: 80
2025-12-25 20:00:21.184 I [MediaServer.exe] [21572-19580] TcpServer.cpp:242 start_l | TCP server listening on [::]: 443
2025-12-25 20:00:21.186 I [MediaServer.exe] [21572-19580] TcpServer.cpp:242 start_l | TCP server listening on [::]: 9000
2025-12-25 20:00:21.188 I [MediaServer.exe] [21572-19580] UdpServer.cpp:130 start_l | UDP server bind to [::]: 10000
2025-12-25 20:00:21.190 I [MediaServer.exe] [21572-19580] TcpServer.cpp:242 start_l | TCP server listening on [::]: 10000
2025-12-25 20:00:21.191 I [MediaServer.exe] [21572-19580] UdpServer.cpp:130 start_l | UDP server bind to [::]: 8000
2025-12-25 20:00:21.193 I [MediaServer.exe] [21572-19580] TcpServer.cpp:242 start_l | TCP server listening on [::]: 8000
2025-12-25 20:00:21.194 I [MediaServer.exe] [21572-19580] UdpServer.cpp:130 start_l | UDP server bind to [::]: 9000
